<?xml version="1.0" encoding="UTF-8"?>
<!-- Generated by org.testng.reporters.JUnitReportReporter -->
<testsuite hostname="DESKTOP-LHDR9SD" failures="0" tests="1" name="Testcases.TestWebElement" time="13.341" errors="0" timestamp="2022-10-07T16:01:25 EDT" skipped="0">
  <testcase classname="Testcases.TestWebElement" name="doLogin" time="13.341"/>
  <system-out/>
</testsuite> <!-- Testcases.TestWebElement -->
